<?xml version="1.0" encoding="UTF-8"?>
<testsuite xmlns:xsi="http://www.w3.org/2001/XMLSchema-instance" xsi:noNamespaceSchemaLocation="https://maven.apache.org/surefire/maven-surefire-plugin/xsd/surefire-test-report-3.0.xsd" version="3.0" name="runners.TestRunner" time="1.981" tests="1" errors="0" skipped="0" failures="0">
  <properties>
[...]
</properties>
  <testcase name="Users in FanCode City should have more than 50% completed tasks" classname="Verify Completed Task Percentage for Users in FanCode City" time="1.703">
    <system-out><![CDATA[
Scenario: Users in FanCode City should have more than 50% completed tasks &amp#27;[90m# src/main/resources/fancode.feature:3&amp#27;[0m
Number of todos fetched: 200
  &amp#27;[32mGiven &amp#27;[0m&amp#27;[32mUser has the todo tasks&amp#27;[0m                                           &amp#27;[90m# stepdefs.FancodeStepDefinitions.userHasTodoTasks()&amp#27;[0m
Number of users in FanCode city: 3
  &amp#27;[32mAnd &amp#27;[0m&amp#27;[32mUser belongs to the city FanCode&amp#27;[0m                                    &amp#27;[90m# stepdefs.FancodeStepDefinitions.filterUsersByCityFanCode()&amp#27;[0m
User Bret has completed 55.0% of their tasks.
User Kamren has completed 60.0% of their tasks.
User Moriah.Stanton has completed 60.0% of their tasks.
  &amp#27;[32mThen &amp#27;[0m&amp#27;[32mUser Completed task percentage should be greater than &amp#27;[0m&amp#27;[32m&amp#27;[1m50&amp#27;[0m&amp#27;[32m%&amp#27;[0m          &amp#27;[90m# stepdefs.FancodeStepDefinitions.verifyCompletedTasksPercentage(int)&amp#27;[0m
]]></system-out>
  </testcase>
</testsuite>